make all --print-data-base --no-builtin-variables --no-builtin-rules --question
make: *** No rule to make target 'all'.  Stop.
 
# GNU Make 4.3
# Built for x86_64-pc-linux-gnu
# Copyright (C) 1988-2020 Free Software Foundation, Inc.
# License GPLv3+: GNU GPL version 3 or later <http://gnu.org/licenses/gpl.html>
# This is free software: you are free to change and redistribute it.
# There is NO WARRANTY, to the extent permitted by law.

# Make data base, printed on Fri Feb 11 13:01:44 2022

# Variables

# environment
GDK_BACKEND = x11
# environment
LC_ALL = C
# environment
NO_AT_BRIDGE = 1
# environment
I3SOCK = /run/user/1000/i3/ipc-socket.2904
# environment
VSCODE_IPC_HOOK_EXTHOST = /run/user/1000/vscode-ipc-2111062f-9066-4a31-9059-b5842236881f.sock
# environment
LC_NAME = en_GB.UTF-8
# environment
LC_NUMERIC = en_GB.UTF-8
# environment
VSCODE_CWD = /home/hackerman
# environment
LC_ADDRESS = en_GB.UTF-8
# default
MAKE_COMMAND := make
# environment
GTK3_MODULES = xapp-gtk3-module
# automatic
@D = $(patsubst %/,%,$(dir $@))
# environment
VSCODE_HANDLES_UNCAUGHT_ERRORS = true
# default
.VARIABLES := 
# environment
PWD = /home/hackerman/OpenGLHH/src
# automatic
%D = $(patsubst %/,%,$(dir $%))
# environment
MAIL = /var/spool/mail/hackerman
# environment
XDG_DATA_DIRS = /home/hackerman/.local/share/flatpak/exports/share:/var/lib/flatpak/exports/share:/usr/local/share:/usr/share
# automatic
^D = $(patsubst %/,%,$(dir $^))
# environment
VSCODE_LOG_STACK = false
# automatic
%F = $(notdir $%)
# environment
VSCODE_CODE_CACHE_PATH = /home/hackerman/.config/Code - OSS/CachedData/5554b12acf27056905806867f251c859323ff7e9
# environment
XDG_SESSION_PATH = /org/freedesktop/DisplayManager/Session1
# environment
LANG = C
# environment
XAUTHORITY = /home/hackerman/.Xauthority
# default
.LOADED := 
# default
.INCLUDE_DIRS = /usr/include /usr/local/include /usr/include
# makefile
MAKEFLAGS = pqrR
# makefile
CURDIR := /home/hackerman/OpenGLHH/src
# environment
VSCODE_PIPE_LOGGING = true
# environment
APPLICATION_INSIGHTS_NO_DIAGNOSTIC_CHANNEL = true
# automatic
*D = $(patsubst %/,%,$(dir $*))
# environment
MFLAGS = -pqrR
# default
.SHELLFLAGS := -c
# automatic
+D = $(patsubst %/,%,$(dir $+))
# environment
XDG_SESSION_DESKTOP = i3
# environment
VSCODE_CRASH_REPORTER_START_OPTIONS = {"companyName":"Microsoft","productName":"Code - OSS","submitURL":"","uploadToServer":false}
# makefile (from 'Makefile', line 1)
MAKEFILE_LIST := Makefile
# automatic
@F = $(notdir $@)
# environment
VSCODE_VERBOSE_LOGGING = true
# environment
VSCODE_PID = 42102
# environment
XDG_SESSION_TYPE = x11
# environment
CUDA_PATH = /opt/cuda
# automatic
?D = $(patsubst %/,%,$(dir $?))
# automatic
*F = $(notdir $*)
# environment
QT_QPA_PLATFORMTHEME = qt5ct
# environment
CHROME_DESKTOP = code-oss.desktop
# environment
DBUS_SESSION_BUS_ADDRESS = unix:path=/run/user/1000/bus
# automatic
<D = $(patsubst %/,%,$(dir $<))
# environment
VSCODE_NLS_CONFIG = {"locale":"en-us","availableLanguages":{},"_languagePackSupport":true}
# environment
BREAKPAD_DUMP_LOCATION = /home/hackerman/.config/Code - OSS/exthost Crash Reports
# default
MAKE_HOST := x86_64-pc-linux-gnu
# makefile
SHELL = /bin/sh
# default
MAKECMDGOALS := all
# environment
MANGOHUD = 1
# environment
SHLVL = 0
# environment
MAKELEVEL := 0
# default
MAKE = $(MAKE_COMMAND)
# environment
PATH = /home/hackerman/.local/bin:/usr/local/bin:/usr/bin:/bin:/usr/local/sbin:/opt/cuda/bin:/opt/cuda/nsight_compute:/opt/cuda/nsight_systems/bin:/home/hackerman/.local/share/flatpak/exports/bin:/usr/lib/jvm/default/bin:/usr/bin/site_perl:/usr/bin/vendor_perl:/usr/bin/core_perl
# default
MAKEFILES := 
# environment
LC_MONETARY = en_GB.UTF-8
# environment
MOTD_SHOWN = pam
# automatic
^F = $(notdir $^)
# environment
LC_TIME = en_GB.UTF-8
# environment
VSCODE_LOG_NATIVE = false
# environment
LC_TELEPHONE = en_GB.UTF-8
# automatic
?F = $(notdir $?)
# environment
XDG_SEAT = seat0
# environment
XDG_CURRENT_DESKTOP = i3
# automatic
+F = $(notdir $+)
# environment
XDG_SEAT_PATH = /org/freedesktop/DisplayManager/Seat0
# environment
DESKTOP_SESSION = i3
# environment
ORIGINAL_XDG_CURRENT_DESKTOP = i3
# 'override' directive
GNUMAKEFLAGS := 
# environment
BROWSER = /usr/bin/palemoon
# environment
LOGNAME = hackerman
# environment
XDG_VTNR = 7
# makefile
.DEFAULT_GOAL := output
# environment
EDITOR = /usr/bin/nano
# environment
DISPLAY = :0
# environment
GTK_MODULES = canberra-gtk-module
# environment
USER = hackerman
# default
MAKE_VERSION := 4.3
# environment
LC_MEASUREMENT = en_GB.UTF-8
# environment
_ = /usr/bin/make
# environment
LC_PAPER = en_GB.UTF-8
# environment
XDG_RUNTIME_DIR = /run/user/1000
# environment
XDG_SESSION_CLASS = user
# environment
VSCODE_AMD_ENTRYPOINT = vs/workbench/services/extensions/node/extensionHostProcess
# environment
GTK2_RC_FILES = /home/hackerman/.gtkrc-2.0
# environment
HOME = /home/hackerman
# environment
ELECTRON_RUN_AS_NODE = 1
# environment
VSCODE_IPC_HOOK = /run/user/1000/vscode-3fa320ed-1.64.0-main.sock
# environment
XDG_SESSION_ID = 4
# default
.RECIPEPREFIX := 
# automatic
<F = $(notdir $<)
# default
SUFFIXES := 
# environment
VSCODE_CLI = 1
# environment
ELECTRON_NO_ATTACH_CONSOLE = 1
# environment
XDG_GREETER_DATA_DIR = /var/lib/lightdm-data/hackerman
# default
.FEATURES := target-specific order-only second-expansion else-if shortest-stem undefine oneshell nocomment grouped-target extra-prereqs archives jobserver output-sync check-symlink guile load
# environment
GDMSESSION = i3
# environment
LC_IDENTIFICATION = en_GB.UTF-8
# variable set hash-table stats:
# Load=103/1024=10%, Rehash=0, Collisions=7/133=5%

# Pattern-specific Variable Values

# No pattern-specific variable values.

# Directories

# . (device 2050, inode 6695050): 22 files, no impossibilities.

# 22 files, no impossibilities in 1 directories.

# Implicit Rules

# No implicit rules.

# Files

compile: glad.o shaderClass.o VBO.o VAO.o EBO.o Textures.o Camera.o mesh.o main.o
#  Implicit rule search has not been done.
#  Modification time never checked.
#  File has not been updated.
#  recipe to execute (from 'Makefile', line 43):
	g++ build/glad.o build/shaderClass.o build/VBO.o build/VAO.o build/EBO.o build/Textures.o build/Camera.o build/mesh.o build/main.o -o a.out -ldl -lglfw

VAO.o: VAO.cpp libs/VAO.h
#  Implicit rule search has not been done.
#  Modification time never checked.
#  File has not been updated.
#  recipe to execute (from 'Makefile', line 18):
	g++ -c VAO.cpp -ldl -lglfw -o build/VAO.o

# Not a target:
EBO.cpp:
#  Implicit rule search has not been done.
#  Modification time never checked.
#  File has not been updated.

# Not a target:
libs/shaderClass.h:
#  Implicit rule search has not been done.
#  Modification time never checked.
#  File has not been updated.

# Not a target:
libs/VBO.h:
#  Implicit rule search has not been done.
#  Modification time never checked.
#  File has not been updated.

glad.o: glad.c
#  Implicit rule search has not been done.
#  Modification time never checked.
#  File has not been updated.
#  recipe to execute (from 'Makefile', line 6):
	gcc -c glad.c -ldl -lglfw -o build/glad.o

# Not a target:
Textures.cpp:
#  Implicit rule search has not been done.
#  Modification time never checked.
#  File has not been updated.

Camera.o: Camera.cpp
#  Implicit rule search has not been done.
#  Modification time never checked.
#  File has not been updated.
#  recipe to execute (from 'Makefile', line 27):
	g++ -c Camera.cpp -ldl -lglfw -o build/Camera.o

# Not a target:
Makefile:
#  Implicit rule search has been done.
#  Last modified 2022-02-11 12:56:36.010286204
#  File has been updated.
#  Successfully updated.

# Not a target:
Camera.cpp:
#  Implicit rule search has not been done.
 
#  Modification time never checked.
#  File has not been updated.

clean:
#  Implicit rule search has not been done.
#  Modification time never checked.
#  File has not been updated.
#  recipe to execute (from 'Makefile', line 36):
	rm a.out build/*.o

# Not a target:
VBO.cpp:
#  Implicit rule search has not been done.
#  Modification time never checked.
#  File has not been updated.

# Not a target:
mesh.cpp:
#  Implicit rule search has not been done.
#  Modification time never checked.
#  File has not been updated.

# Not a target:
libs/VAO.h:
#  Implicit rule search has not been done.
#  Modification time never checked.
#  File has not been updated.

# Not a target:
glad.c:
#  Implicit rule search has not been done.
#  Modification time never checked.
#  File has not been updated.

VBO.o: VBO.cpp libs/VBO.h
#  Implicit rule search has not been done.
#  Modification time never checked.
#  File has not been updated.
#  recipe to execute (from 'Makefile', line 15):
	g++ -c VBO.cpp -ldl -lglfw -o build/VBO.o

# Not a target:
.DEFAULT:
#  Implicit rule search has not been done.
#  Modification time never checked.
#  File has not been updated.

output: glad.o stb_image.o shaderClass.o VBO.o VAO.o EBO.o Textures.o Camera.o mesh.o main.o
#  Implicit rule search has not been done.
#  Modification time never checked.
#  File has not been updated.
#  recipe to execute (from 'Makefile', line 3):
	g++ build/glad.o build/stb_image.o build/shaderClass.o build/VBO.o build/VAO.o build/EBO.o build/Textures.o build/Camera.o build/mesh.o build/main.o -o a.out -ldl -lglfw

# Not a target:
all:
#  Command line target.
#  Implicit rule search has been done.
#  File does not exist.
#  File has not been updated.

run:
#  Implicit rule search has not been done.
#  Modification time never checked.
#  File has not been updated.
#  recipe to execute (from 'Makefile', line 39):
	make
	./a.out

# Not a target:
libs/EBO.h:
#  Implicit rule search has not been done.
#  Modification time never checked.
#  File has not been updated.

Textures.o: Textures.cpp libs/Textures.h
#  Implicit rule search has not been done.
#  Modification time never checked.
#  File has not been updated.
#  recipe to execute (from 'Makefile', line 24):
	g++ -c Textures.cpp -ldl -lglfw -o build/Textures.o

# Not a target:
main.cpp:
#  Implicit rule search has not been done.
#  Modification time never checked.
#  File has not been updated.

# Not a target:
libs/Textures.h:
#  Implicit rule search has not been done.
#  Modification time never checked.
#  File has not been updated.

main.o: main.cpp
#  Implicit rule search has not been done.
#  Modification time never checked.
#  File has not been updated.
#  recipe to execute (from 'Makefile', line 33):
	g++ -c main.cpp -ldl -lglfw -o build/main.o

EBO.o: EBO.cpp libs/EBO.h
#  Implicit rule search has not been done.
#  Modification time never checked.
#  File has not been updated.
#  recipe to execute (from 'Makefile', line 21):
	g++ -c EBO.cpp -ldl -lglfw -o build/EBO.o

mesh.o: mesh.cpp
#  Implicit rule search has not been done.
#  Modification time never checked.
#  File has not been updated.
#  recipe to execute (from 'Makefile', line 30):
	g++ -c mesh.cpp -ldl -lglfw -o build/mesh.o

# Not a target:
shaderClass.cpp:
#  Implicit rule search has not been done.
#  Modification time never checked.
#  File has not been updated.

# Not a target:
VAO.cpp:
#  Implicit rule search has not been done.
#  Modification time never checked.
#  File has not been updated.

stb_image.o: stb_image.cpp
#  Implicit rule search has not been done.
#  Modification time never checked.
#  File has not been updated.
#  recipe to execute (from 'Makefile', line 9):
	g++ -c stb_image.cpp -ldl -lglfw -o build/stb_image.o

# Not a target:
stb_image.cpp:
#  Implicit rule search has not been done.
#  Modification time never checked.
#  File has not been updated.

shaderClass.o: shaderClass.cpp libs/shaderClass.h
#  Implicit rule search has not been done.
#  Modification time never checked.
#  File has not been updated.
#  recipe to execute (from 'Makefile', line 12):
	g++ -c shaderClass.cpp -ldl -lglfw -o build/shaderClass.o

# files hash-table stats:
# Load=33/1024=3%, Rehash=0, Collisions=0/87=0%
# VPATH Search Paths
 

# No 'vpath' search paths.

# No general ('VPATH' variable) search path.

# strcache buffers: 1 (0) / strings = 46 / storage = 421 B / avg = 9 B
# current buf: size = 8162 B / used = 421 B / count = 46 / avg = 9 B

# strcache performance: lookups = 93 / hit rate = 50%
# hash-table stats:
# Load=46/8192=1%, Rehash=0, Collisions=0/93=0%
# Finished Make data base on Fri Feb 11 13:01:44 2022

 
